INFO:root:--------------- Start Running Machine Learning Model Tool ------------------
INFO:root:--------------- Time: 2023-04-11 22:03:34.337203 -----------------
INFO:root:--------------- Start Running Machine Learning Model Tool ------------------
INFO:root:--------------- Time: 2023-04-11 23:27:54.214014 -----------------
INFO:root:Select output done: G:/DSC_code_UI/features
INFO:root:--------------- Start Running Machine Learning Model Tool ------------------
INFO:root:--------------- Time: 2023-04-11 23:56:56.596984 -----------------
INFO:root:Select output done: G:/DSC_code_UI/features
INFO:root:--------------- Start Running Machine Learning Model Tool ------------------
INFO:root:--------------- Time: 2023-04-11 23:59:55.347029 -----------------
INFO:root:--------------- Start Running Machine Learning Model Tool ------------------
INFO:root:--------------- Time: 2023-04-12 00:02:58.812484 -----------------
INFO:root:--------------- Start Running Machine Learning Model Tool ------------------
INFO:root:--------------- Time: 2023-04-12 00:05:23.592092 -----------------
INFO:root:--------------- Start Running Machine Learning Model Tool ------------------
INFO:root:--------------- Time: 2023-04-12 00:10:27.345858 -----------------
INFO:root:Select output done: G:\pycharm
INFO:root:--------------- Start Running Machine Learning Model Tool ------------------
INFO:root:--------------- Time: 2023-04-12 00:13:49.199601 -----------------
INFO:root:--------------- Start Running Machine Learning Model Tool ------------------
INFO:root:--------------- Time: 2023-04-12 19:35:08.796443 -----------------
INFO:root:--------------- Start Running Machine Learning Model Tool ------------------
INFO:root:--------------- Time: 2023-04-12 19:40:00.820827 -----------------
INFO:root:--------------- Start Running Machine Learning Model Tool ------------------
INFO:root:--------------- Time: 2023-04-12 19:42:09.012367 -----------------
INFO:root:--------------- Start Running Machine Learning Model Tool ------------------
INFO:root:--------------- Time: 2023-04-12 19:45:36.990407 -----------------
INFO:root:--------------- Start Running Machine Learning Model Tool ------------------
INFO:root:--------------- Time: 2023-04-12 19:47:08.920875 -----------------
INFO:root:--------------- Start Running Machine Learning Model Tool ------------------
INFO:root:--------------- Time: 2023-04-12 19:48:52.759654 -----------------
INFO:root:--------------- Start Running Machine Learning Model Tool ------------------
INFO:root:--------------- Time: 2023-04-12 19:50:24.872336 -----------------
INFO:root:--------------- Start Running Machine Learning Model Tool ------------------
INFO:root:--------------- Time: 2023-04-12 19:53:07.581931 -----------------
INFO:root:--------------- Start Running Machine Learning Model Tool ------------------
INFO:root:--------------- Time: 2023-04-12 20:00:28.940331 -----------------
INFO:root:--------------- Start Running Machine Learning Model Tool ------------------
INFO:root:--------------- Time: 2023-04-12 20:02:02.931371 -----------------
INFO:root:--------------- Start Running Machine Learning Model Tool ------------------
INFO:root:--------------- Time: 2023-04-12 20:12:21.788016 -----------------
INFO:root:--------------- Start Running Machine Learning Model Tool ------------------
INFO:root:--------------- Time: 2023-04-12 20:14:58.526807 -----------------
INFO:root:--------------- Start Running Machine Learning Model Tool ------------------
INFO:root:--------------- Time: 2023-04-12 20:16:28.427362 -----------------
INFO:root:--------------- Start Running Machine Learning Model Tool ------------------
INFO:root:--------------- Time: 2023-04-12 20:18:38.867868 -----------------
INFO:root:--------------- Start Running Machine Learning Model Tool ------------------
INFO:root:--------------- Time: 2023-04-12 21:05:23.391199 -----------------
INFO:root:--------------- Start Running Machine Learning Model Tool ------------------
INFO:root:--------------- Time: 2023-04-12 21:06:16.499795 -----------------
INFO:root:--------------- Start Running Machine Learning Model Tool ------------------
INFO:root:--------------- Time: 2023-04-12 21:07:57.151930 -----------------
INFO:root:--------------- Start Running Machine Learning Model Tool ------------------
INFO:root:--------------- Time: 2023-04-12 21:11:12.381980 -----------------
INFO:root:--------------- Start Running Machine Learning Model Tool ------------------
INFO:root:--------------- Time: 2023-04-12 21:13:51.938044 -----------------
INFO:root:--------------- Start Running Machine Learning Model Tool ------------------
INFO:root:--------------- Time: 2023-04-12 21:18:03.901889 -----------------
INFO:root:--------------- Start Running Machine Learning Model Tool ------------------
INFO:root:--------------- Time: 2023-04-12 21:19:55.358941 -----------------
INFO:root:--------------- Start Running Machine Learning Model Tool ------------------
INFO:root:--------------- Time: 2023-04-12 21:24:37.307693 -----------------
INFO:root:--------------- Start Running Machine Learning Model Tool ------------------
INFO:root:--------------- Time: 2023-04-12 21:27:01.699157 -----------------
INFO:root:--------------- Start Running Machine Learning Model Tool ------------------
INFO:root:--------------- Time: 2023-04-12 21:29:42.591502 -----------------
INFO:root:--------------- Start Running Machine Learning Model Tool ------------------
INFO:root:--------------- Time: 2023-04-12 21:30:39.884653 -----------------
INFO:root:--------------- Start Running Machine Learning Model Tool ------------------
INFO:root:--------------- Time: 2023-04-12 21:32:54.777076 -----------------
INFO:root:--------------- Start Running Machine Learning Model Tool ------------------
INFO:root:--------------- Time: 2023-04-12 21:35:06.383692 -----------------
INFO:root:--------------- Start Running Machine Learning Model Tool ------------------
INFO:root:--------------- Time: 2023-04-12 21:47:21.483141 -----------------
INFO:root:--------------- Start Running Machine Learning Model Tool ------------------
INFO:root:--------------- Time: 2023-04-12 21:52:39.551790 -----------------
INFO:root:--------------- Start Running Machine Learning Model Tool ------------------
INFO:root:--------------- Time: 2023-04-12 21:55:09.443508 -----------------
INFO:root:--------------- Start Running Machine Learning Model Tool ------------------
INFO:root:--------------- Time: 2023-04-12 21:58:11.852832 -----------------
INFO:root:--------------- Start Running Machine Learning Model Tool ------------------
INFO:root:--------------- Time: 2023-04-12 22:00:03.614782 -----------------
INFO:root:--------------- Start Running Machine Learning Model Tool ------------------
INFO:root:--------------- Time: 2023-04-12 22:01:00.798093 -----------------
INFO:root:--------------- Start Running Machine Learning Model Tool ------------------
INFO:root:--------------- Time: 2023-04-12 22:15:57.304973 -----------------
INFO:root:--------------- Start Running Machine Learning Model Tool ------------------
INFO:root:--------------- Time: 2023-04-12 22:16:53.566055 -----------------
INFO:root:--------------- Start Running Machine Learning Model Tool ------------------
INFO:root:--------------- Time: 2023-04-12 22:21:34.050570 -----------------
INFO:root:--------------- Start Running Machine Learning Model Tool ------------------
INFO:root:--------------- Time: 2023-04-12 22:24:14.849418 -----------------
INFO:root:--------------- Start Running Machine Learning Model Tool ------------------
INFO:root:--------------- Time: 2023-04-12 22:25:31.031000 -----------------
INFO:root:--------------- Start Running Machine Learning Model Tool ------------------
INFO:root:--------------- Time: 2023-04-12 22:27:21.860065 -----------------
INFO:root:--------------- Start Running Machine Learning Model Tool ------------------
INFO:root:--------------- Time: 2023-04-12 22:30:12.885905 -----------------
INFO:root:--------------- Start Running Machine Learning Model Tool ------------------
INFO:root:--------------- Time: 2023-04-12 22:32:17.185727 -----------------
INFO:root:--------------- Start Running Machine Learning Model Tool ------------------
INFO:root:--------------- Time: 2023-04-12 22:33:23.055544 -----------------
INFO:root:--------------- Start Running Machine Learning Model Tool ------------------
INFO:root:--------------- Time: 2023-04-12 22:36:25.135846 -----------------
INFO:root:--------------- Start Running Machine Learning Model Tool ------------------
INFO:root:--------------- Time: 2023-04-12 22:38:03.311975 -----------------
INFO:root:--------------- Start Running Machine Learning Model Tool ------------------
INFO:root:--------------- Time: 2023-04-12 22:49:37.450980 -----------------
INFO:root:--------------- Start Running Machine Learning Model Tool ------------------
INFO:root:--------------- Time: 2023-04-12 22:51:15.398340 -----------------
INFO:root:--------------- Start Running Machine Learning Model Tool ------------------
INFO:root:--------------- Time: 2023-04-12 22:57:08.859774 -----------------
INFO:root:--------------- Start Running Machine Learning Model Tool ------------------
INFO:root:--------------- Time: 2023-04-12 22:59:08.508486 -----------------
INFO:root:--------------- Start Running Machine Learning Model Tool ------------------
INFO:root:--------------- Time: 2023-04-12 23:06:17.932766 -----------------
INFO:root:--------------- Start Running Machine Learning Model Tool ------------------
INFO:root:--------------- Time: 2023-04-12 23:21:47.467769 -----------------
INFO:root:--------------- Start Running Machine Learning Model Tool ------------------
INFO:root:--------------- Time: 2023-04-12 23:27:45.879926 -----------------
INFO:root:--------------- Start Running Machine Learning Model Tool ------------------
INFO:root:--------------- Time: 2023-04-12 23:29:32.911805 -----------------
INFO:root:--------------- Start Running Machine Learning Model Tool ------------------
INFO:root:--------------- Time: 2023-04-12 23:31:19.869028 -----------------
INFO:root:--------------- Start Running Machine Learning Model Tool ------------------
INFO:root:--------------- Time: 2023-04-12 23:35:31.789679 -----------------
INFO:root:--------------- Start Running Machine Learning Model Tool ------------------
INFO:root:--------------- Time: 2023-04-12 23:53:49.992558 -----------------
INFO:root:--------------- Start Running Machine Learning Model Tool ------------------
INFO:root:--------------- Time: 2023-04-12 23:56:41.943782 -----------------
INFO:root:--------------- Start Running Machine Learning Model Tool ------------------
INFO:root:--------------- Time: 2023-04-12 23:57:48.620353 -----------------
INFO:root:--------------- Start Running Machine Learning Model Tool ------------------
INFO:root:--------------- Time: 2023-04-12 23:59:37.886635 -----------------
INFO:root:--------------- Start Running Machine Learning Model Tool ------------------
INFO:root:--------------- Time: 2023-04-13 00:00:40.107495 -----------------
INFO:root:--------------- Start Running Machine Learning Model Tool ------------------
INFO:root:--------------- Time: 2023-04-13 22:27:39.809473 -----------------
INFO:root:--------------- Start Running Machine Learning Model Tool ------------------
INFO:root:--------------- Time: 2023-04-13 23:48:48.109752 -----------------
INFO:root:--------------- Start Running Machine Learning Model Tool ------------------
INFO:root:--------------- Time: 2023-04-13 23:58:12.371254 -----------------
INFO:root:--------------- Start Running Machine Learning Model Tool ------------------
INFO:root:--------------- Time: 2023-04-14 00:01:11.107232 -----------------
INFO:root:--------------- Start Running Machine Learning Model Tool ------------------
INFO:root:--------------- Time: 2023-04-14 00:03:50.758396 -----------------
INFO:root:--------------- Start Running Machine Learning Model Tool ------------------
INFO:root:--------------- Time: 2023-04-14 00:05:50.359750 -----------------
INFO:root:--------------- Start Running Machine Learning Model Tool ------------------
INFO:root:--------------- Time: 2023-04-14 00:07:43.687629 -----------------
INFO:root:--------------- Start Running Machine Learning Model Tool ------------------
INFO:root:--------------- Time: 2023-04-14 00:08:56.256548 -----------------
INFO:root:--------------- Start Running Machine Learning Model Tool ------------------
INFO:root:--------------- Time: 2023-04-14 00:10:25.727686 -----------------
INFO:root:--------------- Start Running Machine Learning Model Tool ------------------
INFO:root:--------------- Time: 2023-04-14 00:11:38.348991 -----------------
INFO:root:--------------- Start Running Machine Learning Model Tool ------------------
INFO:root:--------------- Time: 2023-04-14 00:12:37.059179 -----------------
INFO:root:--------------- Start Running Machine Learning Model Tool ------------------
INFO:root:--------------- Time: 2023-04-14 00:17:54.052450 -----------------
INFO:root:--------------- Start Running Machine Learning Model Tool ------------------
INFO:root:--------------- Time: 2023-04-14 00:21:34.261399 -----------------
INFO:root:--------------- Start Running Machine Learning Model Tool ------------------
INFO:root:--------------- Time: 2023-04-14 00:30:18.503226 -----------------
INFO:root:--------------- Start Running Machine Learning Model Tool ------------------
INFO:root:--------------- Time: 2023-04-14 00:32:14.532390 -----------------
INFO:root:--------------- Start Running Machine Learning Model Tool ------------------
INFO:root:--------------- Time: 2023-04-14 00:36:40.668811 -----------------
INFO:root:Select output done: G:/DSC_code_UI
INFO:root:--------------- Start Running Machine Learning Model Tool ------------------
INFO:root:--------------- Time: 2023-04-14 00:41:06.273275 -----------------
INFO:root:--------------- Start Running Machine Learning Model Tool ------------------
INFO:root:--------------- Time: 2023-04-14 22:38:42.948082 -----------------
INFO:root:--------------- Start Running Machine Learning Model Tool ------------------
INFO:root:--------------- Time: 2023-04-14 23:11:23.092731 -----------------
INFO:root:--------------- Start Running Machine Learning Model Tool ------------------
INFO:root:--------------- Time: 2023-04-14 23:25:46.183166 -----------------
INFO:root:--------------- Start Running Machine Learning Model Tool ------------------
INFO:root:--------------- Time: 2023-04-14 23:28:04.743698 -----------------
INFO:root:--------------- Start Running Machine Learning Model Tool ------------------
INFO:root:--------------- Time: 2023-04-14 23:32:46.031338 -----------------
INFO:root:--------------- Start Running Machine Learning Model Tool ------------------
INFO:root:--------------- Time: 2023-04-14 23:36:15.049584 -----------------
INFO:root:--------------- Start Running Machine Learning Model Tool ------------------
INFO:root:--------------- Time: 2023-04-14 23:40:31.618035 -----------------
INFO:root:--------------- Start Running Machine Learning Model Tool ------------------
INFO:root:--------------- Time: 2023-04-14 23:46:02.851417 -----------------
INFO:root:--------------- Start Running Machine Learning Model Tool ------------------
INFO:root:--------------- Time: 2023-04-14 23:47:13.800784 -----------------
INFO:root:--------------- Start Running Machine Learning Model Tool ------------------
INFO:root:--------------- Time: 2023-04-14 23:48:10.319553 -----------------
INFO:root:--------------- Start Running Machine Learning Model Tool ------------------
INFO:root:--------------- Time: 2023-04-14 23:49:09.877470 -----------------
INFO:root:--------------- Start Running Machine Learning Model Tool ------------------
INFO:root:--------------- Time: 2023-04-14 23:50:32.788999 -----------------
INFO:root:--------------- Start Running Machine Learning Model Tool ------------------
INFO:root:--------------- Time: 2023-04-14 23:54:02.945845 -----------------
INFO:root:--------------- Start Running Machine Learning Model Tool ------------------
INFO:root:--------------- Time: 2023-04-14 23:55:55.600122 -----------------
INFO:root:--------------- Start Running Machine Learning Model Tool ------------------
INFO:root:--------------- Time: 2023-04-14 23:58:14.086013 -----------------
INFO:root:--------------- Start Running Machine Learning Model Tool ------------------
INFO:root:--------------- Time: 2023-04-15 22:31:22.457288 -----------------
